2024-11-29 23:43:17,205 - urllib3.connectionpool - DEBUG - Starting new HTTPS connection (1): huggingface.co:443
2024-11-29 23:43:17,488 - urllib3.connectionpool - DEBUG - https://huggingface.co:443 "HEAD /facebook/bart-large-cnn/resolve/main/tokenizer_config.json HTTP/11" 404 0
2024-11-29 23:43:17,741 - urllib3.connectionpool - DEBUG - https://huggingface.co:443 "HEAD /facebook/bart-large-cnn/resolve/main/config.json HTTP/11" 200 0
2024-11-29 23:43:18,018 - urllib3.connectionpool - DEBUG - https://huggingface.co:443 "HEAD /facebook/bart-large-cnn/resolve/main/tokenizer_config.json HTTP/11" 404 0
2024-11-29 23:43:18,259 - urllib3.connectionpool - DEBUG - https://huggingface.co:443 "HEAD /facebook/bart-large-cnn/resolve/main/vocab.json HTTP/11" 200 0
2024-11-29 23:43:18,655 - urllib3.connectionpool - DEBUG - https://huggingface.co:443 "HEAD /facebook/bart-large-cnn/resolve/main/config.json HTTP/11" 200 0
2024-11-29 23:43:22,560 - urllib3.connectionpool - DEBUG - https://huggingface.co:443 "HEAD /facebook/bart-large-cnn/resolve/main/generation_config.json HTTP/11" 200 0
2024-11-29 23:43:22,715 - root - INFO - ResearchPaperProcessor initialized.
2024-11-29 23:43:22,716 - root - ERROR - PDF extraction error: [Errno 22] Invalid argument: 'D:\research_summarizer\\data\\pdf_files\research_paper.pdf'
Traceback (most recent call last):
  File "D:\research_summarizer\src\summary.py", line 72, in extract_text_from_pdf
    with open(self.pdf_path, 'rb') as file:
         ^^^^^^^^^^^^^^^^^^^^^^^^^
OSError: [Errno 22] Invalid argument: 'D:\research_summarizer\\data\\pdf_files\research_paper.pdf'
2024-11-29 23:43:22,731 - root - ERROR - Processing failed: [Errno 22] Invalid argument: 'D:\research_summarizer\\data\\pdf_files\research_paper.pdf'
Traceback (most recent call last):
  File "D:\research_summarizer\src\summary.py", line 220, in main
    full_text = processor.extract_text_from_pdf()
                ^^^^^^^^^^^^^^^^^^^^^^^^^^^^^^^^^
  File "D:\research_summarizer\src\summary.py", line 72, in extract_text_from_pdf
    with open(self.pdf_path, 'rb') as file:
         ^^^^^^^^^^^^^^^^^^^^^^^^^
OSError: [Errno 22] Invalid argument: 'D:\research_summarizer\\data\\pdf_files\research_paper.pdf'
2024-11-29 23:43:50,036 - urllib3.connectionpool - DEBUG - Starting new HTTPS connection (1): huggingface.co:443
2024-11-29 23:43:50,307 - urllib3.connectionpool - DEBUG - https://huggingface.co:443 "HEAD /facebook/bart-large-cnn/resolve/main/tokenizer_config.json HTTP/11" 404 0
2024-11-29 23:43:50,554 - urllib3.connectionpool - DEBUG - https://huggingface.co:443 "HEAD /facebook/bart-large-cnn/resolve/main/config.json HTTP/11" 200 0
2024-11-29 23:43:50,814 - urllib3.connectionpool - DEBUG - https://huggingface.co:443 "HEAD /facebook/bart-large-cnn/resolve/main/tokenizer_config.json HTTP/11" 404 0
2024-11-29 23:43:51,509 - urllib3.connectionpool - DEBUG - https://huggingface.co:443 "HEAD /facebook/bart-large-cnn/resolve/main/vocab.json HTTP/11" 200 0
2024-11-29 23:43:51,885 - urllib3.connectionpool - DEBUG - https://huggingface.co:443 "HEAD /facebook/bart-large-cnn/resolve/main/config.json HTTP/11" 200 0
2024-11-29 23:43:54,973 - urllib3.connectionpool - DEBUG - https://huggingface.co:443 "HEAD /facebook/bart-large-cnn/resolve/main/generation_config.json HTTP/11" 200 0
2024-11-29 23:43:55,129 - root - INFO - ResearchPaperProcessor initialized.
2024-11-29 23:43:55,300 - root - INFO - Successfully extracted text from D:\research_summarizer\data\pdf_files\research_paper.pdf
2024-11-29 23:44:05,186 - root - DEBUG - Generated summary successfully.
2024-11-29 23:44:05,187 - root - INFO - Processing complete.
2024-11-29 23:49:37,255 - urllib3.connectionpool - DEBUG - Starting new HTTPS connection (1): huggingface.co:443
2024-11-29 23:49:37,528 - urllib3.connectionpool - DEBUG - https://huggingface.co:443 "HEAD /pszemraj/led-large-book-summary/resolve/main/tokenizer_config.json HTTP/11" 200 0
2024-11-29 23:49:37,530 - filelock - DEBUG - Attempting to acquire lock 1631834189760 on C:\Users\Abhi\.cache\huggingface\hub\.locks\models--pszemraj--led-large-book-summary\c59e440f0f6245a39596175130ccd413187f214f.lock
2024-11-29 23:49:37,531 - filelock - DEBUG - Lock 1631834189760 acquired on C:\Users\Abhi\.cache\huggingface\hub\.locks\models--pszemraj--led-large-book-summary\c59e440f0f6245a39596175130ccd413187f214f.lock
2024-11-29 23:49:37,779 - urllib3.connectionpool - DEBUG - https://huggingface.co:443 "GET /pszemraj/led-large-book-summary/resolve/main/tokenizer_config.json HTTP/11" 200 1321
2024-11-29 23:49:37,818 - filelock - DEBUG - Attempting to release lock 1631834189760 on C:\Users\Abhi\.cache\huggingface\hub\.locks\models--pszemraj--led-large-book-summary\c59e440f0f6245a39596175130ccd413187f214f.lock
2024-11-29 23:49:37,819 - filelock - DEBUG - Lock 1631834189760 released on C:\Users\Abhi\.cache\huggingface\hub\.locks\models--pszemraj--led-large-book-summary\c59e440f0f6245a39596175130ccd413187f214f.lock
2024-11-29 23:49:38,117 - urllib3.connectionpool - DEBUG - https://huggingface.co:443 "HEAD /pszemraj/led-large-book-summary/resolve/main/vocab.json HTTP/11" 200 0
2024-11-29 23:49:38,125 - filelock - DEBUG - Attempting to acquire lock 1631860909472 on C:\Users\Abhi\.cache\huggingface\hub\.locks\models--pszemraj--led-large-book-summary\4ebe4bb3f3114daf2e4cc349f24873a1175a35d7.lock
2024-11-29 23:49:38,126 - filelock - DEBUG - Lock 1631860909472 acquired on C:\Users\Abhi\.cache\huggingface\hub\.locks\models--pszemraj--led-large-book-summary\4ebe4bb3f3114daf2e4cc349f24873a1175a35d7.lock
2024-11-29 23:49:38,381 - urllib3.connectionpool - DEBUG - https://huggingface.co:443 "GET /pszemraj/led-large-book-summary/resolve/main/vocab.json HTTP/11" 200 798293
2024-11-29 23:49:39,047 - filelock - DEBUG - Attempting to release lock 1631860909472 on C:\Users\Abhi\.cache\huggingface\hub\.locks\models--pszemraj--led-large-book-summary\4ebe4bb3f3114daf2e4cc349f24873a1175a35d7.lock
2024-11-29 23:49:39,048 - filelock - DEBUG - Lock 1631860909472 released on C:\Users\Abhi\.cache\huggingface\hub\.locks\models--pszemraj--led-large-book-summary\4ebe4bb3f3114daf2e4cc349f24873a1175a35d7.lock
2024-11-29 23:49:39,289 - urllib3.connectionpool - DEBUG - https://huggingface.co:443 "HEAD /pszemraj/led-large-book-summary/resolve/main/merges.txt HTTP/11" 200 0
2024-11-29 23:49:39,290 - filelock - DEBUG - Attempting to acquire lock 1631860910048 on C:\Users\Abhi\.cache\huggingface\hub\.locks\models--pszemraj--led-large-book-summary\6636bda4a1fd7a63653dffb22683b8162c8de956.lock
2024-11-29 23:49:39,291 - filelock - DEBUG - Lock 1631860910048 acquired on C:\Users\Abhi\.cache\huggingface\hub\.locks\models--pszemraj--led-large-book-summary\6636bda4a1fd7a63653dffb22683b8162c8de956.lock
2024-11-29 23:49:39,987 - urllib3.connectionpool - DEBUG - https://huggingface.co:443 "GET /pszemraj/led-large-book-summary/resolve/main/merges.txt HTTP/11" 200 456356
2024-11-29 23:49:40,440 - filelock - DEBUG - Attempting to release lock 1631860910048 on C:\Users\Abhi\.cache\huggingface\hub\.locks\models--pszemraj--led-large-book-summary\6636bda4a1fd7a63653dffb22683b8162c8de956.lock
2024-11-29 23:49:40,441 - filelock - DEBUG - Lock 1631860910048 released on C:\Users\Abhi\.cache\huggingface\hub\.locks\models--pszemraj--led-large-book-summary\6636bda4a1fd7a63653dffb22683b8162c8de956.lock
2024-11-29 23:49:40,701 - urllib3.connectionpool - DEBUG - https://huggingface.co:443 "HEAD /pszemraj/led-large-book-summary/resolve/main/tokenizer.json HTTP/11" 200 0
2024-11-29 23:49:40,702 - filelock - DEBUG - Attempting to acquire lock 1631860902992 on C:\Users\Abhi\.cache\huggingface\hub\.locks\models--pszemraj--led-large-book-summary\766ca688f8f0f1afc830978739fe311d67679359.lock
2024-11-29 23:49:40,702 - filelock - DEBUG - Lock 1631860902992 acquired on C:\Users\Abhi\.cache\huggingface\hub\.locks\models--pszemraj--led-large-book-summary\766ca688f8f0f1afc830978739fe311d67679359.lock
2024-11-29 23:49:40,962 - urllib3.connectionpool - DEBUG - https://huggingface.co:443 "GET /pszemraj/led-large-book-summary/resolve/main/tokenizer.json HTTP/11" 200 2108853
2024-11-29 23:49:41,417 - filelock - DEBUG - Attempting to release lock 1631860902992 on C:\Users\Abhi\.cache\huggingface\hub\.locks\models--pszemraj--led-large-book-summary\766ca688f8f0f1afc830978739fe311d67679359.lock
2024-11-29 23:49:41,417 - filelock - DEBUG - Lock 1631860902992 released on C:\Users\Abhi\.cache\huggingface\hub\.locks\models--pszemraj--led-large-book-summary\766ca688f8f0f1afc830978739fe311d67679359.lock
2024-11-29 23:49:41,666 - urllib3.connectionpool - DEBUG - https://huggingface.co:443 "HEAD /pszemraj/led-large-book-summary/resolve/main/added_tokens.json HTTP/11" 404 0
2024-11-29 23:49:41,918 - urllib3.connectionpool - DEBUG - https://huggingface.co:443 "HEAD /pszemraj/led-large-book-summary/resolve/main/special_tokens_map.json HTTP/11" 200 0
2024-11-29 23:49:41,919 - filelock - DEBUG - Attempting to acquire lock 1631860910096 on C:\Users\Abhi\.cache\huggingface\hub\.locks\models--pszemraj--led-large-book-summary\e97d1993365bb21c88f390e8703e4c1af564821f.lock
2024-11-29 23:49:41,921 - filelock - DEBUG - Lock 1631860910096 acquired on C:\Users\Abhi\.cache\huggingface\hub\.locks\models--pszemraj--led-large-book-summary\e97d1993365bb21c88f390e8703e4c1af564821f.lock
2024-11-29 23:49:42,157 - urllib3.connectionpool - DEBUG - https://huggingface.co:443 "GET /pszemraj/led-large-book-summary/resolve/main/special_tokens_map.json HTTP/11" 200 772
2024-11-29 23:49:42,162 - filelock - DEBUG - Attempting to release lock 1631860910096 on C:\Users\Abhi\.cache\huggingface\hub\.locks\models--pszemraj--led-large-book-summary\e97d1993365bb21c88f390e8703e4c1af564821f.lock
2024-11-29 23:49:42,162 - filelock - DEBUG - Lock 1631860910096 released on C:\Users\Abhi\.cache\huggingface\hub\.locks\models--pszemraj--led-large-book-summary\e97d1993365bb21c88f390e8703e4c1af564821f.lock
2024-11-29 23:49:42,582 - urllib3.connectionpool - DEBUG - https://huggingface.co:443 "HEAD /pszemraj/led-large-book-summary/resolve/main/config.json HTTP/11" 200 0
2024-11-29 23:49:42,584 - filelock - DEBUG - Attempting to acquire lock 1631860256512 on C:\Users\Abhi\.cache\huggingface\hub\.locks\models--pszemraj--led-large-book-summary\71a20ed824b5e41662f0cb25adeb8d7416e3296a.lock
2024-11-29 23:49:42,585 - filelock - DEBUG - Lock 1631860256512 acquired on C:\Users\Abhi\.cache\huggingface\hub\.locks\models--pszemraj--led-large-book-summary\71a20ed824b5e41662f0cb25adeb8d7416e3296a.lock
2024-11-29 23:49:42,831 - urllib3.connectionpool - DEBUG - https://huggingface.co:443 "GET /pszemraj/led-large-book-summary/resolve/main/config.json HTTP/11" 200 1443
2024-11-29 23:49:42,836 - filelock - DEBUG - Attempting to release lock 1631860256512 on C:\Users\Abhi\.cache\huggingface\hub\.locks\models--pszemraj--led-large-book-summary\71a20ed824b5e41662f0cb25adeb8d7416e3296a.lock
2024-11-29 23:49:42,837 - filelock - DEBUG - Lock 1631860256512 released on C:\Users\Abhi\.cache\huggingface\hub\.locks\models--pszemraj--led-large-book-summary\71a20ed824b5e41662f0cb25adeb8d7416e3296a.lock
2024-11-29 23:49:43,967 - urllib3.connectionpool - DEBUG - https://huggingface.co:443 "HEAD /pszemraj/led-large-book-summary/resolve/main/model.safetensors HTTP/11" 302 0
2024-11-29 23:49:43,969 - filelock - DEBUG - Attempting to acquire lock 1631885010288 on C:\Users\Abhi\.cache\huggingface\hub\.locks\models--pszemraj--led-large-book-summary\0ee872e86edb7c76ea6631b672e2cd3df5df6a749cfea7c8412a319123c87976.lock
2024-11-29 23:49:43,970 - filelock - DEBUG - Lock 1631885010288 acquired on C:\Users\Abhi\.cache\huggingface\hub\.locks\models--pszemraj--led-large-book-summary\0ee872e86edb7c76ea6631b672e2cd3df5df6a749cfea7c8412a319123c87976.lock
2024-11-29 23:49:43,972 - urllib3.connectionpool - DEBUG - Starting new HTTPS connection (1): cdn-lfs.hf.co:443
2024-11-29 23:49:44,274 - urllib3.connectionpool - DEBUG - https://cdn-lfs.hf.co:443 "GET /pszemraj/led-large-book-summary/0ee872e86edb7c76ea6631b672e2cd3df5df6a749cfea7c8412a319123c87976?response-content-disposition=inline%3B+filename*%3DUTF-8%27%27model.safetensors%3B+filename%3D%22model.safetensors%22%3B&Expires=1733163579&Policy=eyJTdGF0ZW1lbnQiOlt7IkNvbmRpdGlvbiI6eyJEYXRlTGVzc1RoYW4iOnsiQVdTOkVwb2NoVGltZSI6MTczMzE2MzU3OX19LCJSZXNvdXJjZSI6Imh0dHBzOi8vY2RuLWxmcy5oZi5jby9wc3plbXJhai9sZWQtbGFyZ2UtYm9vay1zdW1tYXJ5LzBlZTg3MmU4NmVkYjdjNzZlYTY2MzFiNjcyZTJjZDNkZjVkZjZhNzQ5Y2ZlYTdjODQxMmEzMTkxMjNjODc5NzY~cmVzcG9uc2UtY29udGVudC1kaXNwb3NpdGlvbj0qIn1dfQ__&Signature=rj2MwPSBS0UtbLb~bt5Ek1TtJRkiixFA1DRTrodMaIwmZajx~1sUwAAdSrTZ~Tnol-eIZXak0o2Xb5x6p9PO~3Gbhyvxr99f6VIUc9pxKZEzfILHxx1eWfLtWYeS58hXFRw79fEj36eOg1v8F06Czkfk8XCmL6JHqPxrtAp88o8sykDDYLCIw3OtvwjCD-lLuwkzK6QYpii~8nDgaWKZvl5yKbnirDDzKtLPfOkm7MfeZPN8xEksL7s2PYFGPekF0AZISRdSUl9WByEyLSGNp1aqHmdNgLSTAgKVOQH4fQfOkpUHD43KVHDCUNgbSzbAaKkHsHcTYi6YXqjq9ukAtA__&Key-Pair-Id=K3RPWS32NSSJCE HTTP/11" 200 1839478370
2024-11-29 23:50:57,190 - filelock - DEBUG - Attempting to release lock 1631885010288 on C:\Users\Abhi\.cache\huggingface\hub\.locks\models--pszemraj--led-large-book-summary\0ee872e86edb7c76ea6631b672e2cd3df5df6a749cfea7c8412a319123c87976.lock
2024-11-29 23:50:57,190 - filelock - DEBUG - Lock 1631885010288 released on C:\Users\Abhi\.cache\huggingface\hub\.locks\models--pszemraj--led-large-book-summary\0ee872e86edb7c76ea6631b672e2cd3df5df6a749cfea7c8412a319123c87976.lock
2024-11-29 23:50:57,569 - urllib3.connectionpool - DEBUG - https://huggingface.co:443 "HEAD /pszemraj/led-large-book-summary/resolve/main/generation_config.json HTTP/11" 404 0
2024-11-29 23:50:57,574 - root - INFO - ResearchPaperProcessor initialized.
2024-11-29 23:50:57,689 - root - INFO - Successfully extracted text from D:\research_summarizer\data\pdf_files\research_paper.pdf
2024-11-29 23:51:24,079 - root - DEBUG - Generated summary successfully.
2024-11-29 23:51:24,079 - root - INFO - Processing complete.
2024-11-29 23:59:51,116 - urllib3.connectionpool - DEBUG - Starting new HTTPS connection (1): huggingface.co:443
2024-11-29 23:59:51,382 - urllib3.connectionpool - DEBUG - https://huggingface.co:443 "HEAD /facebook/bart-large-cnn/resolve/main/tokenizer_config.json HTTP/11" 404 0
2024-11-29 23:59:51,640 - urllib3.connectionpool - DEBUG - https://huggingface.co:443 "HEAD /facebook/bart-large-cnn/resolve/main/config.json HTTP/11" 200 0
2024-11-29 23:59:51,907 - urllib3.connectionpool - DEBUG - https://huggingface.co:443 "HEAD /facebook/bart-large-cnn/resolve/main/tokenizer_config.json HTTP/11" 404 0
2024-11-29 23:59:52,153 - urllib3.connectionpool - DEBUG - https://huggingface.co:443 "HEAD /facebook/bart-large-cnn/resolve/main/vocab.json HTTP/11" 200 0
2024-11-29 23:59:52,506 - urllib3.connectionpool - DEBUG - https://huggingface.co:443 "HEAD /facebook/bart-large-cnn/resolve/main/config.json HTTP/11" 200 0
2024-11-29 23:59:56,031 - urllib3.connectionpool - DEBUG - https://huggingface.co:443 "HEAD /facebook/bart-large-cnn/resolve/main/generation_config.json HTTP/11" 200 0
2024-11-29 23:59:56,173 - root - INFO - ResearchPaperProcessor initialized.
2024-11-29 23:59:56,328 - root - INFO - Successfully extracted text from D:\research_summarizer\data\pdf_files\research_paper.pdf
2024-11-30 00:00:04,943 - root - DEBUG - Generated summary successfully.
2024-11-30 00:00:04,944 - root - INFO - Processing complete.
2024-11-30 00:04:42,741 - urllib3.connectionpool - DEBUG - Starting new HTTPS connection (1): huggingface.co:443
2024-11-30 00:04:43,030 - urllib3.connectionpool - DEBUG - https://huggingface.co:443 "HEAD /facebook/bart-large-cnn/resolve/main/tokenizer_config.json HTTP/11" 404 0
2024-11-30 00:04:43,276 - urllib3.connectionpool - DEBUG - https://huggingface.co:443 "HEAD /facebook/bart-large-cnn/resolve/main/config.json HTTP/11" 200 0
2024-11-30 00:04:43,571 - urllib3.connectionpool - DEBUG - https://huggingface.co:443 "HEAD /facebook/bart-large-cnn/resolve/main/tokenizer_config.json HTTP/11" 404 0
2024-11-30 00:04:43,821 - urllib3.connectionpool - DEBUG - https://huggingface.co:443 "HEAD /facebook/bart-large-cnn/resolve/main/vocab.json HTTP/11" 200 0
2024-11-30 00:04:44,161 - urllib3.connectionpool - DEBUG - https://huggingface.co:443 "HEAD /facebook/bart-large-cnn/resolve/main/config.json HTTP/11" 200 0
2024-11-30 00:04:46,857 - urllib3.connectionpool - DEBUG - https://huggingface.co:443 "HEAD /facebook/bart-large-cnn/resolve/main/generation_config.json HTTP/11" 200 0
2024-11-30 00:04:47,018 - root - INFO - ResearchPaperProcessor initialized.
2024-11-30 00:04:47,180 - root - INFO - Successfully extracted text from D:\research_summarizer\data\pdf_files\research_paper.pdf
2024-11-30 00:04:55,310 - root - DEBUG - Generated summary successfully.
2024-11-30 00:04:57,933 - root - INFO - Model and tokenizer saved to summarizer.pkl
2024-11-30 00:04:57,934 - root - INFO - Processing complete.
2024-11-30 00:24:21,636 - urllib3.connectionpool - DEBUG - Starting new HTTPS connection (1): huggingface.co:443
2024-11-30 00:24:21,911 - urllib3.connectionpool - DEBUG - https://huggingface.co:443 "HEAD /facebook/bart-large-cnn/resolve/main/tokenizer_config.json HTTP/11" 404 0
2024-11-30 00:24:22,160 - urllib3.connectionpool - DEBUG - https://huggingface.co:443 "HEAD /facebook/bart-large-cnn/resolve/main/config.json HTTP/11" 200 0
2024-11-30 00:24:22,888 - urllib3.connectionpool - DEBUG - https://huggingface.co:443 "HEAD /facebook/bart-large-cnn/resolve/main/tokenizer_config.json HTTP/11" 404 0
2024-11-30 00:24:23,131 - urllib3.connectionpool - DEBUG - https://huggingface.co:443 "HEAD /facebook/bart-large-cnn/resolve/main/vocab.json HTTP/11" 200 0
2024-11-30 00:24:23,528 - urllib3.connectionpool - DEBUG - https://huggingface.co:443 "HEAD /facebook/bart-large-cnn/resolve/main/config.json HTTP/11" 200 0
2024-11-30 00:24:28,587 - urllib3.connectionpool - DEBUG - https://huggingface.co:443 "HEAD /facebook/bart-large-cnn/resolve/main/generation_config.json HTTP/11" 200 0
2024-11-30 00:24:28,779 - root - INFO - ResearchPaperProcessor initialized.
2024-11-30 00:24:29,076 - root - INFO - Successfully extracted text from D:\research_summarizer\data\pdf_files\research_paper.pdf
2024-11-30 00:24:39,651 - root - DEBUG - Generated summary successfully.
2024-11-30 00:24:41,740 - root - INFO - Model and tokenizer saved to summarizer.pkl
2024-11-30 00:24:41,740 - root - INFO - Processing complete.
2024-11-30 00:29:14,073 - urllib3.connectionpool - DEBUG - Starting new HTTPS connection (1): huggingface.co:443
2024-11-30 00:29:14,341 - urllib3.connectionpool - DEBUG - https://huggingface.co:443 "HEAD /facebook/bart-large-cnn/resolve/main/tokenizer_config.json HTTP/11" 404 0
2024-11-30 00:29:14,591 - urllib3.connectionpool - DEBUG - https://huggingface.co:443 "HEAD /facebook/bart-large-cnn/resolve/main/config.json HTTP/11" 200 0
2024-11-30 00:29:14,858 - urllib3.connectionpool - DEBUG - https://huggingface.co:443 "HEAD /facebook/bart-large-cnn/resolve/main/tokenizer_config.json HTTP/11" 404 0
2024-11-30 00:29:15,099 - urllib3.connectionpool - DEBUG - https://huggingface.co:443 "HEAD /facebook/bart-large-cnn/resolve/main/vocab.json HTTP/11" 200 0
2024-11-30 00:29:15,477 - urllib3.connectionpool - DEBUG - https://huggingface.co:443 "HEAD /facebook/bart-large-cnn/resolve/main/config.json HTTP/11" 200 0
2024-11-30 00:29:23,105 - urllib3.connectionpool - DEBUG - https://huggingface.co:443 "HEAD /facebook/bart-large-cnn/resolve/main/generation_config.json HTTP/11" 200 0
2024-11-30 00:29:23,295 - root - INFO - ResearchPaperProcessor initialized.
2024-11-30 00:29:23,429 - root - INFO - Successfully extracted text from D:\research_summarizer\data\pdf_files\research_paper.pdf
2024-11-30 00:29:33,371 - root - DEBUG - Generated summary successfully.
2024-11-30 00:29:35,052 - root - INFO - Model and tokenizer saved to summarizer.pkl
2024-11-30 00:29:35,052 - root - INFO - Processing complete.
2024-11-30 00:30:20,747 - urllib3.connectionpool - DEBUG - Starting new HTTPS connection (1): huggingface.co:443
2024-11-30 00:30:21,527 - urllib3.connectionpool - DEBUG - https://huggingface.co:443 "HEAD /facebook/bart-large-cnn/resolve/main/tokenizer_config.json HTTP/11" 404 0
2024-11-30 00:30:21,780 - urllib3.connectionpool - DEBUG - https://huggingface.co:443 "HEAD /facebook/bart-large-cnn/resolve/main/config.json HTTP/11" 200 0
2024-11-30 00:30:22,037 - urllib3.connectionpool - DEBUG - https://huggingface.co:443 "HEAD /facebook/bart-large-cnn/resolve/main/tokenizer_config.json HTTP/11" 404 0
2024-11-30 00:30:22,740 - urllib3.connectionpool - DEBUG - https://huggingface.co:443 "HEAD /facebook/bart-large-cnn/resolve/main/vocab.json HTTP/11" 200 0
2024-11-30 00:30:23,078 - urllib3.connectionpool - DEBUG - https://huggingface.co:443 "HEAD /facebook/bart-large-cnn/resolve/main/config.json HTTP/11" 200 0
2024-11-30 00:30:26,846 - urllib3.connectionpool - DEBUG - https://huggingface.co:443 "HEAD /facebook/bart-large-cnn/resolve/main/generation_config.json HTTP/11" 200 0
2024-11-30 00:30:26,988 - root - INFO - ResearchPaperProcessor initialized.
2024-11-30 00:30:27,167 - root - INFO - Successfully extracted text from D:\Brieflet\data\pdf_files\research_paper.pdf
2024-11-30 00:30:37,024 - root - DEBUG - Generated summary successfully.
2024-11-30 00:30:40,420 - root - INFO - Model and tokenizer saved to summarizer.pkl
2024-11-30 00:30:40,420 - root - INFO - Processing complete.
2024-11-30 00:31:12,731 - urllib3.connectionpool - DEBUG - Starting new HTTPS connection (1): huggingface.co:443
2024-11-30 00:31:13,013 - urllib3.connectionpool - DEBUG - https://huggingface.co:443 "HEAD /facebook/bart-large-cnn/resolve/main/tokenizer_config.json HTTP/11" 404 0
2024-11-30 00:31:13,259 - urllib3.connectionpool - DEBUG - https://huggingface.co:443 "HEAD /facebook/bart-large-cnn/resolve/main/config.json HTTP/11" 200 0
2024-11-30 00:31:13,523 - urllib3.connectionpool - DEBUG - https://huggingface.co:443 "HEAD /facebook/bart-large-cnn/resolve/main/tokenizer_config.json HTTP/11" 404 0
2024-11-30 00:31:13,773 - urllib3.connectionpool - DEBUG - https://huggingface.co:443 "HEAD /facebook/bart-large-cnn/resolve/main/vocab.json HTTP/11" 200 0
2024-11-30 00:31:14,130 - urllib3.connectionpool - DEBUG - https://huggingface.co:443 "HEAD /facebook/bart-large-cnn/resolve/main/config.json HTTP/11" 200 0
2024-11-30 00:31:17,396 - urllib3.connectionpool - DEBUG - https://huggingface.co:443 "HEAD /facebook/bart-large-cnn/resolve/main/generation_config.json HTTP/11" 200 0
2024-11-30 00:31:17,550 - root - INFO - ResearchPaperProcessor initialized.
2024-11-30 00:31:38,648 - root - INFO - Successfully extracted text from D:\Brieflet\data\pdf_files\Neural Networks from Scratch in Python.pdf
2024-11-30 00:31:46,142 - root - DEBUG - Generated summary successfully.
2024-11-30 00:31:49,413 - root - INFO - Model and tokenizer saved to summarizer.pkl
2024-11-30 00:31:49,414 - root - INFO - Processing complete.
